#
# There is insufficient memory for the Java Runtime Environment to continue.
# Native memory allocation (malloc) failed to allocate 1053216 bytes for Chunk::new
# Possible reasons:
#   The system is out of physical RAM or swap space
#   In 32 bit mode, the process size limit was hit
# Possible solutions:
#   Reduce memory load on the system
#   Increase physical memory or swap space
#   Check if swap backing store is full
#   Use 64 bit Java on a 64 bit OS
#   Decrease Java heap size (-Xmx/-Xms)
#   Decrease number of Java threads
#   Decrease Java thread stack sizes (-Xss)
#   Set larger code cache with -XX:ReservedCodeCacheSize=
# This output file may be truncated or incomplete.
#
#  Out of Memory Error (allocation.cpp:390), pid=8692, tid=0x00000000000024a0
#
# JRE version: Java(TM) SE Runtime Environment (8.0_151-b12) (build 1.8.0_151-b12)
# Java VM: Java HotSpot(TM) 64-Bit Server VM (25.151-b12 mixed mode windows-amd64 compressed oops)
# Failed to write core dump. Minidumps are not enabled by default on client versions of Windows
#

---------------  T H R E A D  ---------------

Current thread (0x000000001827e800):  JavaThread "C2 CompilerThread1" daemon [_thread_in_native, id=9376, stack(0x0000000019d70000,0x0000000019e70000)]

Stack: [0x0000000019d70000,0x0000000019e70000]
[error occurred during error reporting (printing stack bounds), id 0xc0000005]

Native frames: (J=compiled Java code, j=interpreted, Vv=VM code, C=native code)


Current CompileTask:
C2:   3238 4300   !   4       java.net.URLClassLoader$1::run (63 bytes)


---------------  P R O C E S S  ---------------

Java Threads: ( => current thread )
  0x0000000019642800 JavaThread "Service Thread" daemon [_thread_blocked, id=9564, stack(0x0000000019f70000,0x000000001a070000)]
  0x00000000195ac000 JavaThread "C1 CompilerThread2" daemon [_thread_blocked, id=3960, stack(0x0000000019e70000,0x0000000019f70000)]
=>0x000000001827e800 JavaThread "C2 CompilerThread1" daemon [_thread_in_native, id=9376, stack(0x0000000019d70000,0x0000000019e70000)]
  0x000000001827d800 JavaThread "C2 CompilerThread0" daemon [_thread_in_native, id=16528, stack(0x0000000019c70000,0x0000000019d70000)]
  0x000000001959d800 JavaThread "Monitor Ctrl-Break" daemon [_thread_in_native, id=2428, stack(0x0000000019b70000,0x0000000019c70000)]
  0x000000001822b800 JavaThread "Attach Listener" daemon [_thread_blocked, id=21248, stack(0x0000000019a70000,0x0000000019b70000)]
  0x0000000018279800 JavaThread "Signal Dispatcher" daemon [_thread_blocked, id=7488, stack(0x0000000019970000,0x0000000019a70000)]
  0x0000000018209800 JavaThread "Finalizer" daemon [_thread_blocked, id=9540, stack(0x0000000019470000,0x0000000019570000)]
  0x00000000036e1000 JavaThread "Reference Handler" daemon [_thread_blocked, id=15320, stack(0x0000000019370000,0x0000000019470000)]
  0x00000000035f0800 JavaThread "main" [_thread_in_vm, id=6892, stack(0x0000000002fe0000,0x00000000030e0000)]

Other Threads:
  0x00000000181e7800 VMThread [stack: 0x0000000019270000,0x0000000019370000] [id=21628]
  0x000000001967e000 WatcherThread [stack: 0x000000001a070000,0x000000001a170000] [id=3980]

VM state:not at safepoint (normal execution)

VM Mutex/Monitor currently owned by a thread: None

Heap:
 PSYoungGen      total 146432K, used 84525K [0x00000000d5f00000, 0x00000000e8000000, 0x0000000100000000)
  eden space 132608K, 63% used [0x00000000d5f00000,0x00000000db18b5e8,0x00000000de080000)
  from space 13824K, 0% used [0x00000000de080000,0x00000000de080000,0x00000000dee00000)
  to   space 15360K, 0% used [0x00000000e7100000,0x00000000e7100000,0x00000000e8000000)
 ParOldGen       total 81920K, used 24270K [0x0000000081c00000, 0x0000000086c00000, 0x00000000d5f00000)
  object space 81920K, 29% used [0x0000000081c00000,0x00000000833b3bb8,0x0000000086c00000)
 Metaspace       used 25389K, capacity 25962K, committed 26240K, reserved 1073152K
  class space    used 2978K, capacity 3179K, committed 3200K, reserved 1048576K

Card table byte_map: [0x0000000012ab0000,0x0000000012eb0000] byte_map_base: 0x00000000126a2000

Marking Bits: (ParMarkBitMap*) 0x000000006ddad850
 Begin Bits: [0x0000000013560000, 0x00000000154f0000)
 End Bits:   [0x00000000154f0000, 0x0000000017480000)

Polling page: 0x0000000001920000

CodeCache: size=245760Kb used=15022Kb max_used=15022Kb free=230737Kb
 bounds [0x00000000036f0000, 0x00000000045b0000, 0x00000000126f0000]
 total_blobs=4773 nmethods=4356 adapters=329
 compilation: enabled

Compilation events (10 events):
Event: 3.219 Thread 0x00000000195ac000 4392   !   3       lombok.javac.HandlerLibrary::handleAnnotation (188 bytes)
Event: 3.220 Thread 0x00000000195ac000 nmethod 4392 0x0000000004598810 code [0x0000000004598be0, 0x000000000459b178]
Event: 3.220 Thread 0x00000000195ac000 4393       3       lombok.core.LombokNode::getImportList (8 bytes)
Event: 3.220 Thread 0x00000000195ac000 nmethod 4393 0x000000000459ca10 code [0x000000000459cb60, 0x000000000459cd50]
Event: 3.220 Thread 0x00000000195ac000 4394       3       lombok.core.TypeResolver::<init> (10 bytes)
Event: 3.220 Thread 0x00000000195ac000 nmethod 4394 0x000000000459ce10 code [0x000000000459cf60, 0x000000000459d130]
Event: 3.220 Thread 0x00000000195ac000 4395       3       lombok.core.TypeResolver::typeRefToFullyQualifiedName (430 bytes)
Event: 3.222 Thread 0x00000000195ac000 nmethod 4395 0x000000000459d1d0 code [0x000000000459d600, 0x00000000045a0548]
Event: 3.222 Thread 0x00000000195ac000 4396       3       lombok.core.TypeLibrary::toQualified (112 bytes)
Event: 3.222 Thread 0x00000000195ac000 nmethod 4396 0x00000000045a1850 code [0x00000000045a1ae0, 0x00000000045a2d48]

GC Heap History (10 events):
Event: 1.402 GC heap before
{Heap before GC invocations=4 (full 0):
 PSYoungGen      total 38400K, used 38384K [0x00000000d5f00000, 0x00000000daa00000, 0x0000000100000000)
  eden space 33280K, 100% used [0x00000000d5f00000,0x00000000d7f80000,0x00000000d7f80000)
  from space 5120K, 99% used [0x00000000d7f80000,0x00000000d847c080,0x00000000d8480000)
  to   space 5120K, 0% used [0x00000000da500000,0x00000000da500000,0x00000000daa00000)
 ParOldGen       total 87552K, used 5614K [0x0000000081c00000, 0x0000000087180000, 0x00000000d5f00000)
  object space 87552K, 6% used [0x0000000081c00000,0x000000008217b898,0x0000000087180000)
 Metaspace       used 15764K, capacity 16090K, committed 16384K, reserved 1062912K
  class space    used 1904K, capacity 1977K, committed 2048K, reserved 1048576K
Event: 1.410 GC heap after
Heap after GC invocations=4 (full 0):
 PSYoungGen      total 71680K, used 5096K [0x00000000d5f00000, 0x00000000daa00000, 0x0000000100000000)
  eden space 66560K, 0% used [0x00000000d5f00000,0x00000000d5f00000,0x00000000da000000)
  from space 5120K, 99% used [0x00000000da500000,0x00000000da9fa050,0x00000000daa00000)
  to   space 5120K, 0% used [0x00000000da000000,0x00000000da000000,0x00000000da500000)
 ParOldGen       total 87552K, used 9832K [0x0000000081c00000, 0x0000000087180000, 0x00000000d5f00000)
  object space 87552K, 11% used [0x0000000081c00000,0x000000008259a090,0x0000000087180000)
 Metaspace       used 15764K, capacity 16090K, committed 16384K, reserved 1062912K
  class space    used 1904K, capacity 1977K, committed 2048K, reserved 1048576K
}
Event: 1.714 GC heap before
{Heap before GC invocations=5 (full 0):
 PSYoungGen      total 71680K, used 71656K [0x00000000d5f00000, 0x00000000daa00000, 0x0000000100000000)
  eden space 66560K, 100% used [0x00000000d5f00000,0x00000000da000000,0x00000000da000000)
  from space 5120K, 99% used [0x00000000da500000,0x00000000da9fa050,0x00000000daa00000)
  to   space 5120K, 0% used [0x00000000da000000,0x00000000da000000,0x00000000da500000)
 ParOldGen       total 87552K, used 9832K [0x0000000081c00000, 0x0000000087180000, 0x00000000d5f00000)
  object space 87552K, 11% used [0x0000000081c00000,0x000000008259a090,0x0000000087180000)
 Metaspace       used 16248K, capacity 16530K, committed 16896K, reserved 1064960K
  class space    used 1939K, capacity 2013K, committed 2048K, reserved 1048576K
Event: 1.728 GC heap after
Heap after GC invocations=5 (full 0):
 PSYoungGen      total 71680K, used 5088K [0x00000000d5f00000, 0x00000000dfb00000, 0x0000000100000000)
  eden space 66560K, 0% used [0x00000000d5f00000,0x00000000d5f00000,0x00000000da000000)
  from space 5120K, 99% used [0x00000000da000000,0x00000000da4f8050,0x00000000da500000)
  to   space 13312K, 0% used [0x00000000dee00000,0x00000000dee00000,0x00000000dfb00000)
 ParOldGen       total 87552K, used 16592K [0x0000000081c00000, 0x0000000087180000, 0x00000000d5f00000)
  object space 87552K, 18% used [0x0000000081c00000,0x0000000082c341a8,0x0000000087180000)
 Metaspace       used 16248K, capacity 16530K, committed 16896K, reserved 1064960K
  class space    used 1939K, capacity 2013K, committed 2048K, reserved 1048576K
}
Event: 2.079 GC heap before
{Heap before GC invocations=6 (full 0):
 PSYoungGen      total 71680K, used 71648K [0x00000000d5f00000, 0x00000000dfb00000, 0x0000000100000000)
  eden space 66560K, 100% used [0x00000000d5f00000,0x00000000da000000,0x00000000da000000)
  from space 5120K, 99% used [0x00000000da000000,0x00000000da4f8050,0x00000000da500000)
  to   space 13312K, 0% used [0x00000000dee00000,0x00000000dee00000,0x00000000dfb00000)
 ParOldGen       total 87552K, used 16592K [0x0000000081c00000, 0x0000000087180000, 0x00000000d5f00000)
  object space 87552K, 18% used [0x0000000081c00000,0x0000000082c341a8,0x0000000087180000)
 Metaspace       used 16772K, capacity 17098K, committed 17536K, reserved 1064960K
  class space    used 1957K, capacity 2049K, committed 2176K, reserved 1048576K
Event: 2.092 GC heap after
Heap after GC invocations=6 (full 0):
 PSYoungGen      total 145920K, used 10752K [0x00000000d5f00000, 0x00000000dfc00000, 0x0000000100000000)
  eden space 132608K, 0% used [0x00000000d5f00000,0x00000000d5f00000,0x00000000de080000)
  from space 13312K, 80% used [0x00000000dee00000,0x00000000df880030,0x00000000dfb00000)
  to   space 13824K, 0% used [0x00000000de080000,0x00000000de080000,0x00000000dee00000)
 ParOldGen       total 87552K, used 16600K [0x0000000081c00000, 0x0000000087180000, 0x00000000d5f00000)
  object space 87552K, 18% used [0x0000000081c00000,0x0000000082c361a8,0x0000000087180000)
 Metaspace       used 16772K, capacity 17098K, committed 17536K, reserved 1064960K
  class space    used 1957K, capacity 2049K, committed 2176K, reserved 1048576K
}
Event: 2.488 GC heap before
{Heap before GC invocations=7 (full 0):
 PSYoungGen      total 145920K, used 58212K [0x00000000d5f00000, 0x00000000dfc00000, 0x0000000100000000)
  eden space 132608K, 35% used [0x00000000d5f00000,0x00000000d8d59260,0x00000000de080000)
  from space 13312K, 80% used [0x00000000dee00000,0x00000000df880030,0x00000000dfb00000)
  to   space 13824K, 0% used [0x00000000de080000,0x00000000de080000,0x00000000dee00000)
 ParOldGen       total 87552K, used 16600K [0x0000000081c00000, 0x0000000087180000, 0x00000000d5f00000)
  object space 87552K, 18% used [0x0000000081c00000,0x0000000082c361a8,0x0000000087180000)
 Metaspace       used 20681K, capacity 21058K, committed 21296K, reserved 1069056K
  class space    used 2465K, capacity 2585K, committed 2688K, reserved 1048576K
Event: 2.505 GC heap after
Heap after GC invocations=7 (full 0):
 PSYoungGen      total 146432K, used 12720K [0x00000000d5f00000, 0x00000000e8000000, 0x0000000100000000)
  eden space 132608K, 0% used [0x00000000d5f00000,0x00000000d5f00000,0x00000000de080000)
  from space 13824K, 92% used [0x00000000de080000,0x00000000decec160,0x00000000dee00000)
  to   space 15360K, 0% used [0x00000000e7100000,0x00000000e7100000,0x00000000e8000000)
 ParOldGen       total 87552K, used 18364K [0x0000000081c00000, 0x0000000087180000, 0x00000000d5f00000)
  object space 87552K, 20% used [0x0000000081c00000,0x0000000082def268,0x0000000087180000)
 Metaspace       used 20681K, capacity 21058K, committed 21296K, reserved 1069056K
  class space    used 2465K, capacity 2585K, committed 2688K, reserved 1048576K
}
Event: 2.505 GC heap before
{Heap before GC invocations=8 (full 1):
 PSYoungGen      total 146432K, used 12720K [0x00000000d5f00000, 0x00000000e8000000, 0x0000000100000000)
  eden space 132608K, 0% used [0x00000000d5f00000,0x00000000d5f00000,0x00000000de080000)
  from space 13824K, 92% used [0x00000000de080000,0x00000000decec160,0x00000000dee00000)
  to   space 15360K, 0% used [0x00000000e7100000,0x00000000e7100000,0x00000000e8000000)
 ParOldGen       total 87552K, used 18364K [0x0000000081c00000, 0x0000000087180000, 0x00000000d5f00000)
  object space 87552K, 20% used [0x0000000081c00000,0x0000000082def268,0x0000000087180000)
 Metaspace       used 20681K, capacity 21058K, committed 21296K, reserved 1069056K
  class space    used 2465K, capacity 2585K, committed 2688K, reserved 1048576K
Event: 2.581 GC heap after
Heap after GC invocations=8 (full 1):
 PSYoungGen      total 146432K, used 0K [0x00000000d5f00000, 0x00000000e8000000, 0x0000000100000000)
  eden space 132608K, 0% used [0x00000000d5f00000,0x00000000d5f00000,0x00000000de080000)
  from space 13824K, 0% used [0x00000000de080000,0x00000000de080000,0x00000000dee00000)
  to   space 15360K, 0% used [0x00000000e7100000,0x00000000e7100000,0x00000000e8000000)
 ParOldGen       total 81920K, used 24270K [0x0000000081c00000, 0x0000000086c00000, 0x00000000d5f00000)
  object space 81920K, 29% used [0x0000000081c00000,0x00000000833b3bb8,0x0000000086c00000)
 Metaspace       used 20681K, capacity 21058K, committed 21296K, reserved 1069056K
  class space    used 2465K, capacity 2585K, committed 2688K, reserved 1048576K
}

Deoptimization events (10 events):
Event: 3.011 Thread 0x00000000035f0800 Uncommon trap: reason=unstable_if action=reinterpret pc=0x00000000038fc9b0 method=java.util.HashMap.putVal(ILjava/lang/Object;Ljava/lang/Object;ZZ)Ljava/lang/Object; @ 193
Event: 3.011 Thread 0x00000000035f0800 Uncommon trap: reason=unstable_if action=reinterpret pc=0x0000000003905f5c method=sun.misc.URLClassPath$JarLoader.getResource(Ljava/lang/String;Z)Lsun/misc/Resource; @ 62
Event: 3.057 Thread 0x00000000035f0800 Uncommon trap: reason=bimorphic action=maybe_recompile pc=0x0000000003db6d80 method=java.util.regex.Pattern$5.isSatisfiedBy(I)Z @ 5
Event: 3.057 Thread 0x00000000035f0800 Uncommon trap: reason=bimorphic action=maybe_recompile pc=0x0000000003db6d6c method=java.util.regex.Pattern$5.isSatisfiedBy(I)Z @ 5
Event: 3.057 Thread 0x00000000035f0800 Uncommon trap: reason=bimorphic action=maybe_recompile pc=0x0000000003db6d6c method=java.util.regex.Pattern$5.isSatisfiedBy(I)Z @ 5
Event: 3.057 Thread 0x00000000035f0800 Uncommon trap: reason=bimorphic action=maybe_recompile pc=0x0000000003db6d6c method=java.util.regex.Pattern$5.isSatisfiedBy(I)Z @ 5
Event: 3.076 Thread 0x00000000035f0800 Uncommon trap: reason=unstable_if action=reinterpret pc=0x0000000003dd669c method=java.util.HashMap.hash(Ljava/lang/Object;)I @ 1
Event: 3.080 Thread 0x00000000035f0800 Uncommon trap: reason=unstable_if action=reinterpret pc=0x0000000003dc72a0 method=java.util.HashMap.hash(Ljava/lang/Object;)I @ 1
Event: 3.095 Thread 0x00000000035f0800 Uncommon trap: reason=unstable_if action=reinterpret pc=0x000000000450f2d0 method=java.lang.Integer.valueOf(I)Ljava/lang/Integer; @ 3
Event: 3.124 Thread 0x00000000035f0800 Uncommon trap: reason=unstable_if action=reinterpret pc=0x0000000003ccef2c method=java.lang.reflect.Field.get(Ljava/lang/Object;)Ljava/lang/Object; @ 4

Internal exceptions (10 events):
Event: 1.543 Thread 0x00000000035f0800 Implicit null exception at 0x0000000003e1be0f to 0x0000000003e1c311
Event: 1.703 Thread 0x00000000035f0800 Implicit null exception at 0x0000000003fae368 to 0x0000000003faf655
Event: 2.167 Thread 0x00000000035f0800 Implicit null exception at 0x0000000004080ae5 to 0x0000000004081b8d
Event: 2.368 Thread 0x00000000035f0800 Exception <a 'java/lang/ClassNotFoundException': com/sun/tools/javac/api/JavacTool> (0x00000000d838a9f8) thrown at [C:\re\workspace\8-2-build-windows-amd64-cygwin\jdk8u151\9699\hotspot\src\share\vm\classfile\systemDictionary.cpp, line 210]
Event: 2.746 Thread 0x00000000035f0800 Exception <a 'java/io/FileNotFoundException'> (0x00000000d70e20f8) thrown at [C:\re\workspace\8-2-build-windows-amd64-cygwin\jdk8u151\9699\hotspot\src\share\vm\prims\jni.cpp, line 709]
Event: 2.748 Thread 0x00000000035f0800 Exception <a 'java/io/FileNotFoundException'> (0x00000000d7118048) thrown at [C:\re\workspace\8-2-build-windows-amd64-cygwin\jdk8u151\9699\hotspot\src\share\vm\prims\jni.cpp, line 709]
Event: 2.964 Thread 0x00000000035f0800 Exception <a 'java/lang/NoSuchFieldError': method resolution failed> (0x00000000d8e94648) thrown at [C:\re\workspace\8-2-build-windows-amd64-cygwin\jdk8u151\9699\hotspot\src\share\vm\prims\methodHandles.cpp, line 1146]
Event: 2.965 Thread 0x00000000035f0800 Exception <a 'java/lang/NoSuchFieldError': method resolution failed> (0x00000000d8ea2978) thrown at [C:\re\workspace\8-2-build-windows-amd64-cygwin\jdk8u151\9699\hotspot\src\share\vm\prims\methodHandles.cpp, line 1146]
Event: 3.076 Thread 0x00000000035f0800 Implicit null exception at 0x0000000003dd6271 to 0x0000000003dd6685
Event: 3.080 Thread 0x00000000035f0800 Implicit null exception at 0x0000000003dc7095 to 0x0000000003dc7291

Events (10 events):
Event: 3.163 loading class com/sun/source/util/TreePath$1PathFinder
Event: 3.163 loading class com/sun/source/util/TreePath$1PathFinder done
Event: 3.167 loading class java/util/IdentityHashMap$EntrySet
Event: 3.167 loading class java/util/IdentityHashMap$EntrySet done
Event: 3.167 loading class java/util/IdentityHashMap$EntryIterator
Event: 3.167 loading class java/util/IdentityHashMap$EntryIterator done
Event: 3.167 loading class java/util/IdentityHashMap$EntryIterator$Entry
Event: 3.167 loading class java/util/IdentityHashMap$EntryIterator$Entry done
Event: 3.177 loading class com/sun/tools/javac/tree/JCTree$JCPolyExpression$PolyKind
Event: 3.177 loading class com/sun/tools/javac/tree/JCTree$JCPolyExpression$PolyKind done


Dynamic libraries:
0x00007ff650680000 - 0x00007ff6506b7000 	D:\software\jdk8\bin\java.exe
0x00007ffe3aea0000 - 0x00007ffe3b090000 	C:\WINDOWS\SYSTEM32\ntdll.dll
0x00007ffe3ac70000 - 0x00007ffe3ad22000 	C:\WINDOWS\System32\KERNEL32.DLL
0x00007ffe38c10000 - 0x00007ffe38eb3000 	C:\WINDOWS\System32\KERNELBASE.dll
0x00007ffe3ad30000 - 0x00007ffe3add3000 	C:\WINDOWS\System32\ADVAPI32.dll
0x00007ffe395a0000 - 0x00007ffe3963e000 	C:\WINDOWS\System32\msvcrt.dll
0x00007ffe39b40000 - 0x00007ffe39bd7000 	C:\WINDOWS\System32\sechost.dll
0x00007ffe38f50000 - 0x00007ffe39070000 	C:\WINDOWS\System32\RPCRT4.dll
0x00007ffe39be0000 - 0x00007ffe39d74000 	C:\WINDOWS\System32\USER32.dll
0x00007ffe37f00000 - 0x00007ffe37f21000 	C:\WINDOWS\System32\win32u.dll
0x00007ffe39290000 - 0x00007ffe392b6000 	C:\WINDOWS\System32\GDI32.dll
0x00007ffe38a70000 - 0x00007ffe38c04000 	C:\WINDOWS\System32\gdi32full.dll
0x00007ffe38000000 - 0x00007ffe3809e000 	C:\WINDOWS\System32\msvcp_win.dll
0x00007ffe381f0000 - 0x00007ffe382ea000 	C:\WINDOWS\System32\ucrtbase.dll
0x00007ffe29a20000 - 0x00007ffe29ca5000 	C:\WINDOWS\WinSxS\amd64_microsoft.windows.common-controls_6595b64144ccf1df_6.0.18362.778_none_e6c6b761130d4fb8\COMCTL32.dll
0x00007ffe39fa0000 - 0x00007ffe3a2d6000 	C:\WINDOWS\System32\combase.dll
0x00007ffe37e30000 - 0x00007ffe37eb0000 	C:\WINDOWS\System32\bcryptPrimitives.dll
0x00007ffe391b0000 - 0x00007ffe391de000 	C:\WINDOWS\System32\IMM32.DLL
0x000000006de30000 - 0x000000006df02000 	D:\software\jdk8\jre\bin\msvcr100.dll
0x000000006d590000 - 0x000000006de2d000 	D:\software\jdk8\jre\bin\server\jvm.dll
0x00007ffe3ab10000 - 0x00007ffe3ab18000 	C:\WINDOWS\System32\PSAPI.DLL
0x00007ffe28cd0000 - 0x00007ffe28cd9000 	C:\WINDOWS\SYSTEM32\WSOCK32.dll
0x00007ffe35cd0000 - 0x00007ffe35cf4000 	C:\WINDOWS\SYSTEM32\WINMM.dll
0x00007ffe39d80000 - 0x00007ffe39def000 	C:\WINDOWS\System32\WS2_32.dll
0x00007ffe35850000 - 0x00007ffe3587d000 	C:\WINDOWS\SYSTEM32\winmmbase.dll
0x00007ffe32820000 - 0x00007ffe3282a000 	C:\WINDOWS\SYSTEM32\VERSION.dll
0x00007ffe37eb0000 - 0x00007ffe37efa000 	C:\WINDOWS\System32\cfgmgr32.dll
0x000000006e890000 - 0x000000006e89f000 	D:\software\jdk8\jre\bin\verify.dll
0x000000006e860000 - 0x000000006e889000 	D:\software\jdk8\jre\bin\java.dll
0x000000006d520000 - 0x000000006d543000 	D:\software\jdk8\jre\bin\instrument.dll
0x000000006e840000 - 0x000000006e856000 	D:\software\jdk8\jre\bin\zip.dll
0x00007ffe3a2e0000 - 0x00007ffe3a9c5000 	C:\WINDOWS\System32\SHELL32.dll
0x00007ffe391e0000 - 0x00007ffe39289000 	C:\WINDOWS\System32\shcore.dll
0x00007ffe382f0000 - 0x00007ffe38a70000 	C:\WINDOWS\System32\windows.storage.dll
0x00007ffe37d90000 - 0x00007ffe37db3000 	C:\WINDOWS\System32\profapi.dll
0x00007ffe37de0000 - 0x00007ffe37e2a000 	C:\WINDOWS\System32\powrprof.dll
0x00007ffe37d60000 - 0x00007ffe37d70000 	C:\WINDOWS\System32\UMPDC.dll
0x00007ffe3a9d0000 - 0x00007ffe3aa22000 	C:\WINDOWS\System32\shlwapi.dll
0x00007ffe37d70000 - 0x00007ffe37d81000 	C:\WINDOWS\System32\kernel.appcore.dll
0x00007ffe37fe0000 - 0x00007ffe37ff7000 	C:\WINDOWS\System32\cryptsp.dll
0x00007ffe2add0000 - 0x00007ffe2adea000 	D:\software\JetBrains\IntelliJ IDEA 2018.3.6\bin\breakgen64.dll
0x000000006d570000 - 0x000000006d58a000 	D:\software\jdk8\jre\bin\net.dll
0x00007ffe37570000 - 0x00007ffe375d7000 	C:\WINDOWS\system32\mswsock.dll
0x00007ffe370e0000 - 0x00007ffe37113000 	C:\WINDOWS\system32\rsaenh.dll
0x00007ffe38f20000 - 0x00007ffe38f46000 	C:\WINDOWS\System32\bcrypt.dll
0x00007ffe37c80000 - 0x00007ffe37ca5000 	C:\WINDOWS\SYSTEM32\USERENV.dll
0x00007ffe37740000 - 0x00007ffe3774c000 	C:\WINDOWS\SYSTEM32\CRYPTBASE.dll
0x00007ffe37280000 - 0x00007ffe372ba000 	C:\WINDOWS\SYSTEM32\IPHLPAPI.DLL
0x00007ffe3ade0000 - 0x00007ffe3ade8000 	C:\WINDOWS\System32\NSI.dll
0x00007ffe2fd50000 - 0x00007ffe2fd66000 	C:\WINDOWS\SYSTEM32\dhcpcsvc6.DLL
0x00007ffe31320000 - 0x00007ffe3133c000 	C:\WINDOWS\SYSTEM32\dhcpcsvc.DLL
0x00007ffe372c0000 - 0x00007ffe3738a000 	C:\WINDOWS\SYSTEM32\DNSAPI.dll
0x000000006d550000 - 0x000000006d561000 	D:\software\jdk8\jre\bin\nio.dll
0x00007ffe32190000 - 0x00007ffe3219a000 	C:\Users\EDZ\AppData\Local\Temp\jansi-1.16-7565553286263761347.dll
0x00007ffe2c7c0000 - 0x00007ffe2c7ca000 	C:\Users\EDZ\AppData\Local\Temp\jansi-1.16-5709858758980179726.dll

VM Arguments:
jvm_args: -Dmaven.multiModuleProjectDirectory=D:\arangodb-crud-mutitenancy -Dmaven.home=D:\software\apache-maven-3.5.2 -Dclassworlds.conf=D:\software\apache-maven-3.5.2\bin\m2.conf -javaagent:D:\software\JetBrains\IntelliJ IDEA 2018.3.6\lib\idea_rt.jar=63175:D:\software\JetBrains\IntelliJ IDEA 2018.3.6\bin -Dfile.encoding=UTF-8 
java_command: org.codehaus.classworlds.Launcher -Didea.version=2018.3.6 -s D:\software\settings.xml -Dmaven.repo.local=D:\software\macenLibHtgl install
java_class_path (initial): D:\software\apache-maven-3.5.2\boot\plexus-classworlds-2.5.2.jar;D:\software\JetBrains\IntelliJ IDEA 2018.3.6\lib\idea_rt.jar
Launcher Type: SUN_STANDARD

Environment Variables:
JAVA_HOME=D:\software\jdk8
CLASSPATH=.;D:\software\jdk8\lib;D:\software\jdk8\lib\tools.jar
PATH=D:\software\NetSarang\Xftp 6\;D:\software\NetSarang\Xshell 6\;C:\WINDOWS\system32;C:\WINDOWS;C:\WINDOWS\System32\Wbem;C:\WINDOWS\System32\WindowsPowerShell\v1.0\;C:\WINDOWS\System32\OpenSSH\;C:\Program Files\Git\cmd;D:\software\jdk8\bin;D:\software\jdk8\jre\bin;D:\software\nodejs\;C:\Users\EDZ\AppData\Local\Microsoft\WindowsApps;;D:\software\Microsoft VS Code\bin;C:\Users\EDZ\AppData\Roaming\npm
USERNAME=EDZ
OS=Windows_NT
PROCESSOR_IDENTIFIER=Intel64 Family 6 Model 158 Stepping 9, GenuineIntel



---------------  S Y S T E M  ---------------

OS: Windows 10.0 , 64 bit Build 18362 (10.0.18362.778)

CPU:total 4 (initial active 4) (4 cores per cpu, 1 threads per core) family 6 model 158 stepping 9, cmov, cx8, fxsr, mmx, sse, sse2, sse3, ssse3, sse4.1, sse4.2, popcnt, avx, avx2, aes, clmul, erms, rtm, 3dnowpref, lzcnt, tsc, tscinvbit, bmi1, bmi2, adx

Memory: 4k page, physical 8269800k(663352k free), swap 21302384k(8912k free)

vm_info: Java HotSpot(TM) 64-Bit Server VM (25.151-b12) for windows-amd64 JRE (1.8.0_151-b12), built on Sep  5 2017 19:33:46 by "java_re" with MS VC++ 10.0 (VS2010)

time: Thu May 14 15:40:29 2020
elapsed time: 3 seconds (0d 0h 0m 3s)

