#
# There is insufficient memory for the Java Runtime Environment to continue.
# Native memory allocation (malloc) failed to allocate 1461280 bytes for Chunk::new
# Possible reasons:
#   The system is out of physical RAM or swap space
#   In 32 bit mode, the process size limit was hit
# Possible solutions:
#   Reduce memory load on the system
#   Increase physical memory or swap space
#   Check if swap backing store is full
#   Use 64 bit Java on a 64 bit OS
#   Decrease Java heap size (-Xmx/-Xms)
#   Decrease number of Java threads
#   Decrease Java thread stack sizes (-Xss)
#   Set larger code cache with -XX:ReservedCodeCacheSize=
# This output file may be truncated or incomplete.
#
#  Out of Memory Error (allocation.cpp:390), pid=3528, tid=0x00000000000034fc
#
# JRE version: Java(TM) SE Runtime Environment (8.0_151-b12) (build 1.8.0_151-b12)
# Java VM: Java HotSpot(TM) 64-Bit Server VM (25.151-b12 mixed mode windows-amd64 compressed oops)
# Failed to write core dump. Minidumps are not enabled by default on client versions of Windows
#

---------------  T H R E A D  ---------------

Current thread (0x00000000188b8800):  JavaThread "C2 CompilerThread1" daemon [_thread_in_native, id=13564, stack(0x0000000019080000,0x0000000019180000)]

Stack: [0x0000000019080000,0x0000000019180000]
[error occurred during error reporting (printing stack bounds), id 0xc0000005]

Native frames: (J=compiled Java code, j=interpreted, Vv=VM code, C=native code)


Current CompileTask:
C2:   4364 3534       4       java.net.URLClassLoader$1::run (5 bytes)


---------------  P R O C E S S  ---------------

Java Threads: ( => current thread )
  0x0000000018919000 JavaThread "Service Thread" daemon [_thread_blocked, id=13340, stack(0x0000000019280000,0x0000000019380000)]
  0x0000000018913000 JavaThread "C1 CompilerThread2" daemon [_thread_in_native, id=14752, stack(0x0000000019180000,0x0000000019280000)]
=>0x00000000188b8800 JavaThread "C2 CompilerThread1" daemon [_thread_in_native, id=13564, stack(0x0000000019080000,0x0000000019180000)]
  0x000000001757d800 JavaThread "C2 CompilerThread0" daemon [_thread_in_native, id=6436, stack(0x0000000018f80000,0x0000000019080000)]
  0x0000000017530000 JavaThread "Monitor Ctrl-Break" daemon [_thread_in_native, id=8628, stack(0x0000000018e80000,0x0000000018f80000)]
  0x000000001752a800 JavaThread "Attach Listener" daemon [_thread_blocked, id=18140, stack(0x0000000018d80000,0x0000000018e80000)]
  0x0000000018890800 JavaThread "Signal Dispatcher" daemon [_thread_blocked, id=3104, stack(0x0000000018c80000,0x0000000018d80000)]
  0x00000000029e6800 JavaThread "Finalizer" daemon [_thread_blocked, id=6976, stack(0x0000000018780000,0x0000000018880000)]
  0x00000000029e1000 JavaThread "Reference Handler" daemon [_thread_blocked, id=5072, stack(0x0000000018680000,0x0000000018780000)]
  0x00000000028f0800 JavaThread "main" [_thread_in_native, id=2488, stack(0x0000000002540000,0x0000000002640000)]

Other Threads:
  0x00000000174e7800 VMThread [stack: 0x0000000018580000,0x0000000018680000] [id=15584]
  0x0000000018971800 WatcherThread [stack: 0x0000000019380000,0x0000000019480000] [id=20340]

VM state:not at safepoint (normal execution)

VM Mutex/Monitor currently owned by a thread: None

Heap:
 PSYoungGen      total 138240K, used 10584K [0x00000000d5f00000, 0x00000000e8600000, 0x0000000100000000)
  eden space 133120K, 7% used [0x00000000d5f00000,0x00000000d69561b0,0x00000000de100000)
  from space 5120K, 0% used [0x00000000de100000,0x00000000de100000,0x00000000de600000)
  to   space 17920K, 0% used [0x00000000e7480000,0x00000000e7480000,0x00000000e8600000)
 ParOldGen       total 91136K, used 25037K [0x0000000081c00000, 0x0000000087500000, 0x00000000d5f00000)
  object space 91136K, 27% used [0x0000000081c00000,0x0000000083473730,0x0000000087500000)
 Metaspace       used 21984K, capacity 22434K, committed 22832K, reserved 1069056K
  class space    used 2618K, capacity 2745K, committed 2864K, reserved 1048576K

Card table byte_map: [0x0000000011db0000,0x00000000121b0000] byte_map_base: 0x00000000119a2000

Marking Bits: (ParMarkBitMap*) 0x000000006ddad850
 Begin Bits: [0x0000000012860000, 0x00000000147f0000)
 End Bits:   [0x00000000147f0000, 0x0000000016780000)

Polling page: 0x00000000003f0000

CodeCache: size=245760Kb used=13600Kb max_used=13600Kb free=232159Kb
 bounds [0x00000000029f0000, 0x0000000003750000, 0x00000000119f0000]
 total_blobs=3963 nmethods=3561 adapters=314
 compilation: enabled

Compilation events (10 events):
Event: 4.354 Thread 0x0000000018913000 3567       3       sun.nio.cs.UTF_8::newEncoder (10 bytes)
Event: 4.354 Thread 0x0000000018913000 nmethod 3567 0x0000000003740090 code [0x0000000003740240, 0x0000000003740608]
Event: 4.354 Thread 0x0000000018913000 3568       3       sun.nio.cs.UTF_8$Encoder::isLegalReplacement (26 bytes)
Event: 4.355 Thread 0x0000000018913000 nmethod 3568 0x0000000003740810 code [0x0000000003740980, 0x0000000003740c08]
Event: 4.355 Thread 0x0000000018913000 3569       3       sun.nio.cs.UTF_8$Encoder::implReplaceWith (8 bytes)
Event: 4.355 Thread 0x0000000018913000 nmethod 3569 0x0000000003740cd0 code [0x0000000003740e20, 0x0000000003740fb0]
Event: 4.359 Thread 0x0000000018913000 3570       3       java.util.jar.Manifest$FastInputStream::fill (38 bytes)
Event: 4.359 Thread 0x0000000018913000 nmethod 3570 0x0000000003741090 code [0x0000000003741200, 0x0000000003741488]
Event: 4.362 Thread 0x0000000018913000 3572       3       java.util.ArrayDeque::<init> (14 bytes)
Event: 4.362 Thread 0x0000000018913000 nmethod 3572 0x0000000003741910 code [0x0000000003741a80, 0x0000000003741d30]

GC Heap History (10 events):
Event: 1.405 GC heap before
{Heap before GC invocations=2 (full 0):
 PSYoungGen      total 38400K, used 38399K [0x00000000d5f00000, 0x00000000daa00000, 0x0000000100000000)
  eden space 33280K, 100% used [0x00000000d5f00000,0x00000000d7f80000,0x00000000d7f80000)
  from space 5120K, 99% used [0x00000000d7f80000,0x00000000d847fde8,0x00000000d8480000)
  to   space 5120K, 0% used [0x00000000da500000,0x00000000da500000,0x00000000daa00000)
 ParOldGen       total 87552K, used 170K [0x0000000081c00000, 0x0000000087180000, 0x00000000d5f00000)
  object space 87552K, 0% used [0x0000000081c00000,0x0000000081c2ab48,0x0000000087180000)
 Metaspace       used 12009K, capacity 12266K, committed 12416K, reserved 1060864K
  class space    used 1469K, capacity 1575K, committed 1664K, reserved 1048576K
Event: 1.411 GC heap after
Heap after GC invocations=2 (full 0):
 PSYoungGen      total 71680K, used 5109K [0x00000000d5f00000, 0x00000000daa00000, 0x0000000100000000)
  eden space 66560K, 0% used [0x00000000d5f00000,0x00000000d5f00000,0x00000000da000000)
  from space 5120K, 99% used [0x00000000da500000,0x00000000da9fd700,0x00000000daa00000)
  to   space 5120K, 0% used [0x00000000da000000,0x00000000da000000,0x00000000da500000)
 ParOldGen       total 87552K, used 1924K [0x0000000081c00000, 0x0000000087180000, 0x00000000d5f00000)
  object space 87552K, 2% used [0x0000000081c00000,0x0000000081de10b8,0x0000000087180000)
 Metaspace       used 12009K, capacity 12266K, committed 12416K, reserved 1060864K
  class space    used 1469K, capacity 1575K, committed 1664K, reserved 1048576K
}
Event: 2.106 GC heap before
{Heap before GC invocations=3 (full 0):
 PSYoungGen      total 71680K, used 71669K [0x00000000d5f00000, 0x00000000daa00000, 0x0000000100000000)
  eden space 66560K, 100% used [0x00000000d5f00000,0x00000000da000000,0x00000000da000000)
  from space 5120K, 99% used [0x00000000da500000,0x00000000da9fd700,0x00000000daa00000)
  to   space 5120K, 0% used [0x00000000da000000,0x00000000da000000,0x00000000da500000)
 ParOldGen       total 87552K, used 1924K [0x0000000081c00000, 0x0000000087180000, 0x00000000d5f00000)
  object space 87552K, 2% used [0x0000000081c00000,0x0000000081de10b8,0x0000000087180000)
 Metaspace       used 15778K, capacity 16090K, committed 16384K, reserved 1062912K
  class space    used 1904K, capacity 1977K, committed 2048K, reserved 1048576K
Event: 2.120 GC heap after
Heap after GC invocations=3 (full 0):
 PSYoungGen      total 71680K, used 5088K [0x00000000d5f00000, 0x00000000deb00000, 0x0000000100000000)
  eden space 66560K, 0% used [0x00000000d5f00000,0x00000000d5f00000,0x00000000da000000)
  from space 5120K, 99% used [0x00000000da000000,0x00000000da4f8050,0x00000000da500000)
  to   space 5120K, 0% used [0x00000000de600000,0x00000000de600000,0x00000000deb00000)
 ParOldGen       total 87552K, used 9880K [0x0000000081c00000, 0x0000000087180000, 0x00000000d5f00000)
  object space 87552K, 11% used [0x0000000081c00000,0x00000000825a6068,0x0000000087180000)
 Metaspace       used 15778K, capacity 16090K, committed 16384K, reserved 1062912K
  class space    used 1904K, capacity 1977K, committed 2048K, reserved 1048576K
}
Event: 2.612 GC heap before
{Heap before GC invocations=4 (full 0):
 PSYoungGen      total 71680K, used 71648K [0x00000000d5f00000, 0x00000000deb00000, 0x0000000100000000)
  eden space 66560K, 100% used [0x00000000d5f00000,0x00000000da000000,0x00000000da000000)
  from space 5120K, 99% used [0x00000000da000000,0x00000000da4f8050,0x00000000da500000)
  to   space 5120K, 0% used [0x00000000de600000,0x00000000de600000,0x00000000deb00000)
 ParOldGen       total 87552K, used 9880K [0x0000000081c00000, 0x0000000087180000, 0x00000000d5f00000)
  object space 87552K, 11% used [0x0000000081c00000,0x00000000825a6068,0x0000000087180000)
 Metaspace       used 16266K, capacity 16594K, committed 16896K, reserved 1064960K
  class space    used 1939K, capacity 2013K, committed 2048K, reserved 1048576K
Event: 2.621 GC heap after
Heap after GC invocations=4 (full 0):
 PSYoungGen      total 138240K, used 5088K [0x00000000d5f00000, 0x00000000deb00000, 0x0000000100000000)
  eden space 133120K, 0% used [0x00000000d5f00000,0x00000000d5f00000,0x00000000de100000)
  from space 5120K, 99% used [0x00000000de600000,0x00000000deaf8030,0x00000000deb00000)
  to   space 5120K, 0% used [0x00000000de100000,0x00000000de100000,0x00000000de600000)
 ParOldGen       total 87552K, used 16588K [0x0000000081c00000, 0x0000000087180000, 0x00000000d5f00000)
  object space 87552K, 18% used [0x0000000081c00000,0x0000000082c330f0,0x0000000087180000)
 Metaspace       used 16266K, capacity 16594K, committed 16896K, reserved 1064960K
  class space    used 1939K, capacity 2013K, committed 2048K, reserved 1048576K
}
Event: 4.096 GC heap before
{Heap before GC invocations=5 (full 0):
 PSYoungGen      total 138240K, used 120661K [0x00000000d5f00000, 0x00000000deb00000, 0x0000000100000000)
  eden space 133120K, 86% used [0x00000000d5f00000,0x00000000dcfdd550,0x00000000de100000)
  from space 5120K, 99% used [0x00000000de600000,0x00000000deaf8030,0x00000000deb00000)
  to   space 5120K, 0% used [0x00000000de100000,0x00000000de100000,0x00000000de600000)
 ParOldGen       total 87552K, used 16588K [0x0000000081c00000, 0x0000000087180000, 0x00000000d5f00000)
  object space 87552K, 18% used [0x0000000081c00000,0x0000000082c330f0,0x0000000087180000)
 Metaspace       used 20766K, capacity 21186K, committed 21296K, reserved 1069056K
  class space    used 2482K, capacity 2585K, committed 2608K, reserved 1048576K
Event: 4.134 GC heap after
Heap after GC invocations=5 (full 0):
 PSYoungGen      total 138240K, used 5088K [0x00000000d5f00000, 0x00000000e8600000, 0x0000000100000000)
  eden space 133120K, 0% used [0x00000000d5f00000,0x00000000d5f00000,0x00000000de100000)
  from space 5120K, 99% used [0x00000000de100000,0x00000000de5f8050,0x00000000de600000)
  to   space 17920K, 0% used [0x00000000e7480000,0x00000000e7480000,0x00000000e8600000)
 ParOldGen       total 87552K, used 26318K [0x0000000081c00000, 0x0000000087180000, 0x00000000d5f00000)
  object space 87552K, 30% used [0x0000000081c00000,0x00000000835b3978,0x0000000087180000)
 Metaspace       used 20766K, capacity 21186K, committed 21296K, reserved 1069056K
  class space    used 2482K, capacity 2585K, committed 2608K, reserved 1048576K
}
Event: 4.134 GC heap before
{Heap before GC invocations=6 (full 1):
 PSYoungGen      total 138240K, used 5088K [0x00000000d5f00000, 0x00000000e8600000, 0x0000000100000000)
  eden space 133120K, 0% used [0x00000000d5f00000,0x00000000d5f00000,0x00000000de100000)
  from space 5120K, 99% used [0x00000000de100000,0x00000000de5f8050,0x00000000de600000)
  to   space 17920K, 0% used [0x00000000e7480000,0x00000000e7480000,0x00000000e8600000)
 ParOldGen       total 87552K, used 26318K [0x0000000081c00000, 0x0000000087180000, 0x00000000d5f00000)
  object space 87552K, 30% used [0x0000000081c00000,0x00000000835b3978,0x0000000087180000)
 Metaspace       used 20766K, capacity 21186K, committed 21296K, reserved 1069056K
  class space    used 2482K, capacity 2585K, committed 2608K, reserved 1048576K
Event: 4.251 GC heap after
Heap after GC invocations=6 (full 1):
 PSYoungGen      total 138240K, used 0K [0x00000000d5f00000, 0x00000000e8600000, 0x0000000100000000)
  eden space 133120K, 0% used [0x00000000d5f00000,0x00000000d5f00000,0x00000000de100000)
  from space 5120K, 0% used [0x00000000de100000,0x00000000de100000,0x00000000de600000)
  to   space 17920K, 0% used [0x00000000e7480000,0x00000000e7480000,0x00000000e8600000)
 ParOldGen       total 91136K, used 25037K [0x0000000081c00000, 0x0000000087500000, 0x00000000d5f00000)
  object space 91136K, 27% used [0x0000000081c00000,0x0000000083473730,0x0000000087500000)
 Metaspace       used 20766K, capacity 21186K, committed 21296K, reserved 1069056K
  class space    used 2482K, capacity 2585K, committed 2608K, reserved 1048576K
}

Deoptimization events (10 events):
Event: 3.634 Thread 0x00000000028f0800 Uncommon trap: reason=null_check action=make_not_entrant pc=0x000000000325fb94 method=com.google.inject.internal.InjectorImpl.callInContext(Lcom/google/inject/internal/ContextualCallable;)Ljava/lang/Object; @ 7
Event: 3.636 Thread 0x00000000028f0800 Uncommon trap: reason=null_check action=make_not_entrant pc=0x0000000003581524 method=org.eclipse.sisu.plexus.ClassRealmManager.visibleRealmNames(Lorg/codehaus/plexus/classworlds/realm/ClassRealm;)Ljava/util/Set; @ 19
Event: 3.695 Thread 0x00000000028f0800 Uncommon trap: reason=bimorphic action=maybe_recompile pc=0x000000000304e0a4 method=java.util.concurrent.ConcurrentHashMap.get(Ljava/lang/Object;)Ljava/lang/Object; @ 149
Event: 3.720 Thread 0x00000000028f0800 Uncommon trap: reason=bimorphic action=maybe_recompile pc=0x000000000304e0a4 method=java.util.concurrent.ConcurrentHashMap.get(Ljava/lang/Object;)Ljava/lang/Object; @ 149
Event: 3.846 Thread 0x00000000028f0800 Uncommon trap: reason=class_check action=maybe_recompile pc=0x00000000034eea58 method=org.eclipse.sisu.wire.EntryListAdapter$ValueIterator.hasNext()Z @ 4
Event: 3.847 Thread 0x00000000028f0800 Uncommon trap: reason=unstable_if action=reinterpret pc=0x00000000031c2128 method=org.eclipse.sisu.plexus.RealmFilteredBeans$FilteredItr.hasNext()Z @ 44
Event: 3.899 Thread 0x00000000028f0800 Uncommon trap: reason=bimorphic action=maybe_recompile pc=0x000000000304a210 method=java.util.regex.Pattern$CharProperty.match(Ljava/util/regex/Matcher;ILjava/lang/CharSequence;)Z @ 37
Event: 3.903 Thread 0x00000000028f0800 Uncommon trap: reason=unstable_if action=reinterpret pc=0x00000000036301e0 method=com.google.inject.internal.InjectorImpl.callInContext(Lcom/google/inject/internal/ContextualCallable;)Ljava/lang/Object; @ 161
Event: 4.329 Thread 0x00000000028f0800 Uncommon trap: reason=range_check action=make_not_entrant pc=0x00000000037319a8 method=java.lang.String.charAt(I)C @ 27
Event: 4.341 Thread 0x00000000028f0800 Uncommon trap: reason=unstable_if action=reinterpret pc=0x000000000361b230 method=java.util.jar.Manifest$FastInputStream.readLine([BII)I @ 87

Internal exceptions (10 events):
Event: 1.771 Thread 0x00000000028f0800 Implicit null exception at 0x0000000002bea156 to 0x0000000002bea4e9
Event: 1.883 Thread 0x00000000028f0800 Implicit null exception at 0x00000000030568b7 to 0x0000000003056b01
Event: 2.170 Thread 0x00000000028f0800 Implicit null exception at 0x00000000031d5137 to 0x00000000031d5381
Event: 2.233 Thread 0x00000000028f0800 Implicit null exception at 0x0000000002e0d7d5 to 0x0000000002e0d9ad
Event: 2.404 Thread 0x00000000028f0800 Implicit null exception at 0x00000000031a7dcf to 0x00000000031a82cd
Event: 2.605 Thread 0x00000000028f0800 Implicit null exception at 0x000000000334b108 to 0x000000000334c2e5
Event: 3.634 Thread 0x00000000028f0800 Implicit null exception at 0x000000000325eae8 to 0x000000000325fb85
Event: 3.636 Thread 0x00000000028f0800 Implicit null exception at 0x0000000003580d78 to 0x0000000003581509
Event: 3.903 Thread 0x00000000028f0800 Implicit null exception at 0x000000000362ef59 to 0x00000000036301d1
Event: 3.969 Thread 0x00000000028f0800 Exception <a 'java/lang/ClassNotFoundException': com/sun/tools/javac/api/JavacTool> (0x00000000dc56aa68) thrown at [C:\re\workspace\8-2-build-windows-amd64-cygwin\jdk8u151\9699\hotspot\src\share\vm\classfile\systemDictionary.cpp, line 210]

Events (10 events):
Event: 4.328 loading class com/sun/tools/javac/util/ListBuffer$1
Event: 4.328 loading class com/sun/tools/javac/util/ListBuffer$1 done
Event: 4.329 Thread 0x00000000028f0800 Uncommon trap: trap_request=0xffffffe4 fr.pc=0x00000000037319a8
Event: 4.329 Thread 0x00000000028f0800 DEOPT PACKING pc=0x00000000037319a8 sp=0x000000000263d640
Event: 4.329 Thread 0x00000000028f0800 DEOPT UNPACKING pc=0x0000000002a3582a sp=0x000000000263d570 mode 2
Event: 4.330 loading class com/sun/tools/javac/util/StringUtils
Event: 4.330 loading class com/sun/tools/javac/util/StringUtils done
Event: 4.341 Thread 0x00000000028f0800 Uncommon trap: trap_request=0xffffff65 fr.pc=0x000000000361b230
Event: 4.341 Thread 0x00000000028f0800 DEOPT PACKING pc=0x000000000361b230 sp=0x000000000263d050
Event: 4.341 Thread 0x00000000028f0800 DEOPT UNPACKING pc=0x0000000002a3582a sp=0x000000000263cfe0 mode 2


Dynamic libraries:
0x00007ff60cf50000 - 0x00007ff60cf87000 	D:\software\jdk8\bin\java.exe
0x00007ffe3aea0000 - 0x00007ffe3b090000 	C:\WINDOWS\SYSTEM32\ntdll.dll
0x00007ffe3ac70000 - 0x00007ffe3ad22000 	C:\WINDOWS\System32\KERNEL32.DLL
0x00007ffe38c10000 - 0x00007ffe38eb3000 	C:\WINDOWS\System32\KERNELBASE.dll
0x00007ffe3ad30000 - 0x00007ffe3add3000 	C:\WINDOWS\System32\ADVAPI32.dll
0x00007ffe395a0000 - 0x00007ffe3963e000 	C:\WINDOWS\System32\msvcrt.dll
0x00007ffe39b40000 - 0x00007ffe39bd7000 	C:\WINDOWS\System32\sechost.dll
0x00007ffe38f50000 - 0x00007ffe39070000 	C:\WINDOWS\System32\RPCRT4.dll
0x00007ffe39be0000 - 0x00007ffe39d74000 	C:\WINDOWS\System32\USER32.dll
0x00007ffe37f00000 - 0x00007ffe37f21000 	C:\WINDOWS\System32\win32u.dll
0x00007ffe39290000 - 0x00007ffe392b6000 	C:\WINDOWS\System32\GDI32.dll
0x00007ffe38a70000 - 0x00007ffe38c04000 	C:\WINDOWS\System32\gdi32full.dll
0x00007ffe38000000 - 0x00007ffe3809e000 	C:\WINDOWS\System32\msvcp_win.dll
0x00007ffe381f0000 - 0x00007ffe382ea000 	C:\WINDOWS\System32\ucrtbase.dll
0x00007ffe29a20000 - 0x00007ffe29ca5000 	C:\WINDOWS\WinSxS\amd64_microsoft.windows.common-controls_6595b64144ccf1df_6.0.18362.778_none_e6c6b761130d4fb8\COMCTL32.dll
0x00007ffe39fa0000 - 0x00007ffe3a2d6000 	C:\WINDOWS\System32\combase.dll
0x00007ffe37e30000 - 0x00007ffe37eb0000 	C:\WINDOWS\System32\bcryptPrimitives.dll
0x00007ffe391b0000 - 0x00007ffe391de000 	C:\WINDOWS\System32\IMM32.DLL
0x000000006de30000 - 0x000000006df02000 	D:\software\jdk8\jre\bin\msvcr100.dll
0x000000006d590000 - 0x000000006de2d000 	D:\software\jdk8\jre\bin\server\jvm.dll
0x00007ffe3ab10000 - 0x00007ffe3ab18000 	C:\WINDOWS\System32\PSAPI.DLL
0x00007ffe28cd0000 - 0x00007ffe28cd9000 	C:\WINDOWS\SYSTEM32\WSOCK32.dll
0x00007ffe39d80000 - 0x00007ffe39def000 	C:\WINDOWS\System32\WS2_32.dll
0x00007ffe35cd0000 - 0x00007ffe35cf4000 	C:\WINDOWS\SYSTEM32\WINMM.dll
0x00007ffe32820000 - 0x00007ffe3282a000 	C:\WINDOWS\SYSTEM32\VERSION.dll
0x00007ffe35850000 - 0x00007ffe3587d000 	C:\WINDOWS\SYSTEM32\WINMMBASE.dll
0x00007ffe37eb0000 - 0x00007ffe37efa000 	C:\WINDOWS\System32\cfgmgr32.dll
0x000000006e890000 - 0x000000006e89f000 	D:\software\jdk8\jre\bin\verify.dll
0x000000006e860000 - 0x000000006e889000 	D:\software\jdk8\jre\bin\java.dll
0x000000006d520000 - 0x000000006d543000 	D:\software\jdk8\jre\bin\instrument.dll
0x000000006e840000 - 0x000000006e856000 	D:\software\jdk8\jre\bin\zip.dll
0x00007ffe3a2e0000 - 0x00007ffe3a9c5000 	C:\WINDOWS\System32\SHELL32.dll
0x00007ffe391e0000 - 0x00007ffe39289000 	C:\WINDOWS\System32\shcore.dll
0x00007ffe382f0000 - 0x00007ffe38a70000 	C:\WINDOWS\System32\windows.storage.dll
0x00007ffe37d90000 - 0x00007ffe37db3000 	C:\WINDOWS\System32\profapi.dll
0x00007ffe37de0000 - 0x00007ffe37e2a000 	C:\WINDOWS\System32\powrprof.dll
0x00007ffe37d60000 - 0x00007ffe37d70000 	C:\WINDOWS\System32\UMPDC.dll
0x00007ffe3a9d0000 - 0x00007ffe3aa22000 	C:\WINDOWS\System32\shlwapi.dll
0x00007ffe37d70000 - 0x00007ffe37d81000 	C:\WINDOWS\System32\kernel.appcore.dll
0x00007ffe37fe0000 - 0x00007ffe37ff7000 	C:\WINDOWS\System32\cryptsp.dll
0x00007ffe2c650000 - 0x00007ffe2c66a000 	D:\software\JetBrains\IntelliJ IDEA 2018.3.6\bin\breakgen64.dll
0x000000006d570000 - 0x000000006d58a000 	D:\software\jdk8\jre\bin\net.dll
0x00007ffe37570000 - 0x00007ffe375d7000 	C:\WINDOWS\system32\mswsock.dll
0x00007ffe370e0000 - 0x00007ffe37113000 	C:\WINDOWS\system32\rsaenh.dll
0x00007ffe38f20000 - 0x00007ffe38f46000 	C:\WINDOWS\System32\bcrypt.dll
0x00007ffe37c80000 - 0x00007ffe37ca5000 	C:\WINDOWS\SYSTEM32\USERENV.dll
0x00007ffe37740000 - 0x00007ffe3774c000 	C:\WINDOWS\SYSTEM32\CRYPTBASE.dll
0x00007ffe37280000 - 0x00007ffe372ba000 	C:\WINDOWS\SYSTEM32\IPHLPAPI.DLL
0x00007ffe3ade0000 - 0x00007ffe3ade8000 	C:\WINDOWS\System32\NSI.dll
0x00007ffe2fd50000 - 0x00007ffe2fd66000 	C:\WINDOWS\SYSTEM32\dhcpcsvc6.DLL
0x00007ffe31320000 - 0x00007ffe3133c000 	C:\WINDOWS\SYSTEM32\dhcpcsvc.DLL
0x00007ffe372c0000 - 0x00007ffe3738a000 	C:\WINDOWS\SYSTEM32\DNSAPI.dll
0x000000006d550000 - 0x000000006d561000 	D:\software\jdk8\jre\bin\nio.dll
0x00007ffe2ab70000 - 0x00007ffe2ab7a000 	C:\Users\EDZ\AppData\Local\Temp\jansi-1.16-6293208247853754126.dll
0x00007ffe2aa50000 - 0x00007ffe2aa5a000 	C:\Users\EDZ\AppData\Local\Temp\jansi-1.16-2013543711730055038.dll

VM Arguments:
jvm_args: -Dmaven.multiModuleProjectDirectory=D:\arangodb-crud-mutitenancy -Dmaven.home=D:\software\apache-maven-3.5.2 -Dclassworlds.conf=D:\software\apache-maven-3.5.2\bin\m2.conf -javaagent:D:\software\JetBrains\IntelliJ IDEA 2018.3.6\lib\idea_rt.jar=53384:D:\software\JetBrains\IntelliJ IDEA 2018.3.6\bin -Dfile.encoding=UTF-8 
java_command: org.codehaus.classworlds.Launcher -Didea.version=2018.3.6 -s D:\software\settings.xml -Dmaven.repo.local=D:\software\macenLibHtgl install
java_class_path (initial): D:\software\apache-maven-3.5.2\boot\plexus-classworlds-2.5.2.jar;D:\software\JetBrains\IntelliJ IDEA 2018.3.6\lib\idea_rt.jar
Launcher Type: SUN_STANDARD

Environment Variables:
JAVA_HOME=D:\software\jdk8
CLASSPATH=.;D:\software\jdk8\lib;D:\software\jdk8\lib\tools.jar
PATH=D:\software\NetSarang\Xftp 6\;D:\software\NetSarang\Xshell 6\;C:\WINDOWS\system32;C:\WINDOWS;C:\WINDOWS\System32\Wbem;C:\WINDOWS\System32\WindowsPowerShell\v1.0\;C:\WINDOWS\System32\OpenSSH\;C:\Program Files\Git\cmd;D:\software\jdk8\bin;D:\software\jdk8\jre\bin;D:\software\nodejs\;C:\Users\EDZ\AppData\Local\Microsoft\WindowsApps;;D:\software\Microsoft VS Code\bin;C:\Users\EDZ\AppData\Roaming\npm
USERNAME=EDZ
OS=Windows_NT
PROCESSOR_IDENTIFIER=Intel64 Family 6 Model 158 Stepping 9, GenuineIntel



---------------  S Y S T E M  ---------------

OS: Windows 10.0 , 64 bit Build 18362 (10.0.18362.778)

CPU:total 4 (initial active 4) (4 cores per cpu, 1 threads per core) family 6 model 158 stepping 9, cmov, cx8, fxsr, mmx, sse, sse2, sse3, ssse3, sse4.1, sse4.2, popcnt, avx, avx2, aes, clmul, erms, rtm, 3dnowpref, lzcnt, tsc, tscinvbit, bmi1, bmi2, adx

Memory: 4k page, physical 8269800k(957484k free), swap 21302384k(4136k free)

vm_info: Java HotSpot(TM) 64-Bit Server VM (25.151-b12) for windows-amd64 JRE (1.8.0_151-b12), built on Sep  5 2017 19:33:46 by "java_re" with MS VC++ 10.0 (VS2010)

time: Wed May 13 16:57:23 2020
elapsed time: 4 seconds (0d 0h 0m 4s)

