#
# There is insufficient memory for the Java Runtime Environment to continue.
# Native memory allocation (malloc) failed to allocate 1558896 bytes for Chunk::new
# Possible reasons:
#   The system is out of physical RAM or swap space
#   In 32 bit mode, the process size limit was hit
# Possible solutions:
#   Reduce memory load on the system
#   Increase physical memory or swap space
#   Check if swap backing store is full
#   Use 64 bit Java on a 64 bit OS
#   Decrease Java heap size (-Xmx/-Xms)
#   Decrease number of Java threads
#   Decrease Java thread stack sizes (-Xss)
#   Set larger code cache with -XX:ReservedCodeCacheSize=
# This output file may be truncated or incomplete.
#
#  Out of Memory Error (allocation.cpp:390), pid=19888, tid=0x0000000000002dec
#
# JRE version: Java(TM) SE Runtime Environment (8.0_151-b12) (build 1.8.0_151-b12)
# Java VM: Java HotSpot(TM) 64-Bit Server VM (25.151-b12 mixed mode windows-amd64 compressed oops)
# Failed to write core dump. Minidumps are not enabled by default on client versions of Windows
#

---------------  T H R E A D  ---------------

Current thread (0x00000000179ce800):  JavaThread "C2 CompilerThread1" daemon [_thread_in_native, id=11756, stack(0x0000000019520000,0x0000000019620000)]

Stack: [0x0000000019520000,0x0000000019620000]
[error occurred during error reporting (printing stack bounds), id 0xc0000005]

Native frames: (J=compiled Java code, j=interpreted, Vv=VM code, C=native code)


Current CompileTask:
C2:   4650 5765   !   4       com.sun.tools.javac.file.JavacFileManager::listContainer (94 bytes)


---------------  P R O C E S S  ---------------

Java Threads: ( => current thread )
  0x0000000018dee800 JavaThread "Service Thread" daemon [_thread_blocked, id=5556, stack(0x0000000019720000,0x0000000019820000)]
  0x0000000018d5f000 JavaThread "C1 CompilerThread2" daemon [_thread_in_native, id=12236, stack(0x0000000019620000,0x0000000019720000)]
=>0x00000000179ce800 JavaThread "C2 CompilerThread1" daemon [_thread_in_native, id=11756, stack(0x0000000019520000,0x0000000019620000)]
  0x00000000179cd800 JavaThread "C2 CompilerThread0" daemon [_thread_in_native, id=13576, stack(0x0000000019420000,0x0000000019520000)]
  0x0000000018d4d800 JavaThread "Monitor Ctrl-Break" daemon [_thread_in_native, id=19540, stack(0x0000000019320000,0x0000000019420000)]
  0x000000001797b800 JavaThread "Attach Listener" daemon [_thread_blocked, id=16668, stack(0x0000000019220000,0x0000000019320000)]
  0x00000000179c9800 JavaThread "Signal Dispatcher" daemon [_thread_blocked, id=15040, stack(0x0000000019120000,0x0000000019220000)]
  0x0000000017959800 JavaThread "Finalizer" daemon [_thread_blocked, id=21044, stack(0x0000000018bc0000,0x0000000018cc0000)]
  0x0000000002e31000 JavaThread "Reference Handler" daemon [_thread_blocked, id=5332, stack(0x0000000018ac0000,0x0000000018bc0000)]
  0x0000000002d40800 JavaThread "main" [_thread_in_vm, id=9644, stack(0x0000000002b10000,0x0000000002c10000)]

Other Threads:
  0x0000000017937800 VMThread [stack: 0x00000000189c0000,0x0000000018ac0000] [id=900]
  0x0000000018e2f800 WatcherThread [stack: 0x0000000019820000,0x0000000019920000] [id=11776]

VM state:not at safepoint (normal execution)

VM Mutex/Monitor currently owned by a thread: None

Heap:
 PSYoungGen      total 214528K, used 138738K [0x00000000d5f00000, 0x00000000e7f00000, 0x0000000100000000)
  eden space 199680K, 62% used [0x00000000d5f00000,0x00000000dd801800,0x00000000e2200000)
  from space 14848K, 99% used [0x00000000e7080000,0x00000000e7efb018,0x00000000e7f00000)
  to   space 18944K, 0% used [0x00000000e5a00000,0x00000000e5a00000,0x00000000e6c80000)
 ParOldGen       total 81408K, used 29313K [0x0000000081c00000, 0x0000000086b80000, 0x00000000d5f00000)
  object space 81408K, 36% used [0x0000000081c00000,0x00000000838a0638,0x0000000086b80000)
 Metaspace       used 27847K, capacity 28712K, committed 28928K, reserved 1075200K
  class space    used 3219K, capacity 3522K, committed 3584K, reserved 1048576K

Card table byte_map: [0x0000000012200000,0x0000000012600000] byte_map_base: 0x0000000011df2000

Marking Bits: (ParMarkBitMap*) 0x000000006ddad850
 Begin Bits: [0x0000000012cb0000, 0x0000000014c40000)
 End Bits:   [0x0000000014c40000, 0x0000000016bd0000)

Polling page: 0x0000000000a70000

CodeCache: size=245760Kb used=18205Kb max_used=18911Kb free=227554Kb
 bounds [0x0000000002e40000, 0x00000000040d0000, 0x0000000011e40000]
 total_blobs=5866 nmethods=5444 adapters=332
 compilation: enabled

Compilation events (10 events):
Event: 4.649 Thread 0x0000000018d5f000 nmethod 5865 0x000000000360d4d0 code [0x000000000360d640, 0x000000000360d898]
Event: 4.649 Thread 0x0000000018d5f000 5858       2       com.sun.tools.javac.tree.TreeTranslator::visitBlock (18 bytes)
Event: 4.649 Thread 0x0000000018d5f000 nmethod 5858 0x00000000030c56d0 code [0x00000000030c5840, 0x00000000030c5a08]
Event: 4.649 Thread 0x0000000018d5f000 5863       2       com.sun.tools.javac.tree.JCTree$JCModifiers::getTag (4 bytes)
Event: 4.649 Thread 0x0000000018d5f000 nmethod 5863 0x0000000002f70690 code [0x0000000002f707e0, 0x0000000002f70930]
Event: 4.649 Thread 0x0000000018d5f000 5856   !   2       com.sun.tools.javac.comp.Flow$FlowAnalyzer::visitVarDef (70 bytes)
Event: 4.649 Thread 0x0000000018d5f000 nmethod 5856 0x00000000030c4f50 code [0x00000000030c50c0, 0x00000000030c5398]
Event: 4.649 Thread 0x0000000018d5f000 5872       2       com.sun.tools.javac.jvm.Gen::genArgs (52 bytes)
Event: 4.649 Thread 0x0000000018d5f000 nmethod 5872 0x0000000003419550 code [0x0000000003419700, 0x0000000003419a98]
Event: 4.649 Thread 0x0000000018d5f000 5859       2       com.sun.tools.javac.comp.TransTypes::visitVarDef (60 bytes)

GC Heap History (10 events):
Event: 1.692 GC heap before
{Heap before GC invocations=5 (full 0):
 PSYoungGen      total 71680K, used 71648K [0x00000000d5f00000, 0x00000000daa00000, 0x0000000100000000)
  eden space 66560K, 100% used [0x00000000d5f00000,0x00000000da000000,0x00000000da000000)
  from space 5120K, 99% used [0x00000000da500000,0x00000000da9f8050,0x00000000daa00000)
  to   space 5120K, 0% used [0x00000000da000000,0x00000000da000000,0x00000000da500000)
 ParOldGen       total 87552K, used 9828K [0x0000000081c00000, 0x0000000087180000, 0x00000000d5f00000)
  object space 87552K, 11% used [0x0000000081c00000,0x0000000082599350,0x0000000087180000)
 Metaspace       used 16264K, capacity 16522K, committed 16896K, reserved 1064960K
  class space    used 1939K, capacity 2013K, committed 2048K, reserved 1048576K
Event: 1.708 GC heap after
Heap after GC invocations=5 (full 0):
 PSYoungGen      total 71680K, used 5088K [0x00000000d5f00000, 0x00000000dfb00000, 0x0000000100000000)
  eden space 66560K, 0% used [0x00000000d5f00000,0x00000000d5f00000,0x00000000da000000)
  from space 5120K, 99% used [0x00000000da000000,0x00000000da4f8030,0x00000000da500000)
  to   space 13312K, 0% used [0x00000000dee00000,0x00000000dee00000,0x00000000dfb00000)
 ParOldGen       total 87552K, used 16606K [0x0000000081c00000, 0x0000000087180000, 0x00000000d5f00000)
  object space 87552K, 18% used [0x0000000081c00000,0x0000000082c37908,0x0000000087180000)
 Metaspace       used 16264K, capacity 16522K, committed 16896K, reserved 1064960K
  class space    used 1939K, capacity 2013K, committed 2048K, reserved 1048576K
}
Event: 2.021 GC heap before
{Heap before GC invocations=6 (full 0):
 PSYoungGen      total 71680K, used 71648K [0x00000000d5f00000, 0x00000000dfb00000, 0x0000000100000000)
  eden space 66560K, 100% used [0x00000000d5f00000,0x00000000da000000,0x00000000da000000)
  from space 5120K, 99% used [0x00000000da000000,0x00000000da4f8030,0x00000000da500000)
  to   space 13312K, 0% used [0x00000000dee00000,0x00000000dee00000,0x00000000dfb00000)
 ParOldGen       total 87552K, used 16606K [0x0000000081c00000, 0x0000000087180000, 0x00000000d5f00000)
  object space 87552K, 18% used [0x0000000081c00000,0x0000000082c37908,0x0000000087180000)
 Metaspace       used 16788K, capacity 17090K, committed 17536K, reserved 1064960K
  class space    used 1957K, capacity 2049K, committed 2176K, reserved 1048576K
Event: 2.039 GC heap after
Heap after GC invocations=6 (full 0):
 PSYoungGen      total 145920K, used 10720K [0x00000000d5f00000, 0x00000000dfc00000, 0x0000000100000000)
  eden space 132608K, 0% used [0x00000000d5f00000,0x00000000d5f00000,0x00000000de080000)
  from space 13312K, 80% used [0x00000000dee00000,0x00000000df878050,0x00000000dfb00000)
  to   space 13824K, 0% used [0x00000000de080000,0x00000000de080000,0x00000000dee00000)
 ParOldGen       total 87552K, used 16614K [0x0000000081c00000, 0x0000000087180000, 0x00000000d5f00000)
  object space 87552K, 18% used [0x0000000081c00000,0x0000000082c39908,0x0000000087180000)
 Metaspace       used 16788K, capacity 17090K, committed 17536K, reserved 1064960K
  class space    used 1957K, capacity 2049K, committed 2176K, reserved 1048576K
}
Event: 2.416 GC heap before
{Heap before GC invocations=7 (full 0):
 PSYoungGen      total 145920K, used 55779K [0x00000000d5f00000, 0x00000000dfc00000, 0x0000000100000000)
  eden space 132608K, 33% used [0x00000000d5f00000,0x00000000d8b00d78,0x00000000de080000)
  from space 13312K, 80% used [0x00000000dee00000,0x00000000df878050,0x00000000dfb00000)
  to   space 13824K, 0% used [0x00000000de080000,0x00000000de080000,0x00000000dee00000)
 ParOldGen       total 87552K, used 16614K [0x0000000081c00000, 0x0000000087180000, 0x00000000d5f00000)
  object space 87552K, 18% used [0x0000000081c00000,0x0000000082c39908,0x0000000087180000)
 Metaspace       used 20678K, capacity 21050K, committed 21296K, reserved 1069056K
  class space    used 2464K, capacity 2585K, committed 2688K, reserved 1048576K
Event: 2.431 GC heap after
Heap after GC invocations=7 (full 0):
 PSYoungGen      total 146432K, used 12388K [0x00000000d5f00000, 0x00000000e7f00000, 0x0000000100000000)
  eden space 132608K, 0% used [0x00000000d5f00000,0x00000000d5f00000,0x00000000de080000)
  from space 13824K, 89% used [0x00000000de080000,0x00000000dec99138,0x00000000dee00000)
  to   space 14848K, 0% used [0x00000000e7080000,0x00000000e7080000,0x00000000e7f00000)
 ParOldGen       total 87552K, used 18398K [0x0000000081c00000, 0x0000000087180000, 0x00000000d5f00000)
  object space 87552K, 21% used [0x0000000081c00000,0x0000000082df79b8,0x0000000087180000)
 Metaspace       used 20678K, capacity 21050K, committed 21296K, reserved 1069056K
  class space    used 2464K, capacity 2585K, committed 2688K, reserved 1048576K
}
Event: 2.431 GC heap before
{Heap before GC invocations=8 (full 1):
 PSYoungGen      total 146432K, used 12388K [0x00000000d5f00000, 0x00000000e7f00000, 0x0000000100000000)
  eden space 132608K, 0% used [0x00000000d5f00000,0x00000000d5f00000,0x00000000de080000)
  from space 13824K, 89% used [0x00000000de080000,0x00000000dec99138,0x00000000dee00000)
  to   space 14848K, 0% used [0x00000000e7080000,0x00000000e7080000,0x00000000e7f00000)
 ParOldGen       total 87552K, used 18398K [0x0000000081c00000, 0x0000000087180000, 0x00000000d5f00000)
  object space 87552K, 21% used [0x0000000081c00000,0x0000000082df79b8,0x0000000087180000)
 Metaspace       used 20678K, capacity 21050K, committed 21296K, reserved 1069056K
  class space    used 2464K, capacity 2585K, committed 2688K, reserved 1048576K
Event: 2.509 GC heap after
Heap after GC invocations=8 (full 1):
 PSYoungGen      total 146432K, used 0K [0x00000000d5f00000, 0x00000000e7f00000, 0x0000000100000000)
  eden space 132608K, 0% used [0x00000000d5f00000,0x00000000d5f00000,0x00000000de080000)
  from space 13824K, 0% used [0x00000000de080000,0x00000000de080000,0x00000000dee00000)
  to   space 14848K, 0% used [0x00000000e7080000,0x00000000e7080000,0x00000000e7f00000)
 ParOldGen       total 81408K, used 24264K [0x0000000081c00000, 0x0000000086b80000, 0x00000000d5f00000)
  object space 81408K, 29% used [0x0000000081c00000,0x00000000833b21c8,0x0000000086b80000)
 Metaspace       used 20678K, capacity 21050K, committed 21296K, reserved 1069056K
  class space    used 2464K, capacity 2585K, committed 2688K, reserved 1048576K
}
Event: 3.595 GC heap before
{Heap before GC invocations=9 (full 1):
 PSYoungGen      total 146432K, used 132608K [0x00000000d5f00000, 0x00000000e7f00000, 0x0000000100000000)
  eden space 132608K, 100% used [0x00000000d5f00000,0x00000000de080000,0x00000000de080000)
  from space 13824K, 0% used [0x00000000de080000,0x00000000de080000,0x00000000dee00000)
  to   space 14848K, 0% used [0x00000000e7080000,0x00000000e7080000,0x00000000e7f00000)
 ParOldGen       total 81408K, used 24264K [0x0000000081c00000, 0x0000000086b80000, 0x00000000d5f00000)
  object space 81408K, 29% used [0x0000000081c00000,0x00000000833b21c8,0x0000000086b80000)
 Metaspace       used 25737K, capacity 26386K, committed 26624K, reserved 1073152K
  class space    used 2989K, capacity 3215K, committed 3328K, reserved 1048576K
Event: 3.618 GC heap after
Heap after GC invocations=9 (full 1):
 PSYoungGen      total 214528K, used 14828K [0x00000000d5f00000, 0x00000000e7f00000, 0x0000000100000000)
  eden space 199680K, 0% used [0x00000000d5f00000,0x00000000d5f00000,0x00000000e2200000)
  from space 14848K, 99% used [0x00000000e7080000,0x00000000e7efb018,0x00000000e7f00000)
  to   space 18944K, 0% used [0x00000000e5a00000,0x00000000e5a00000,0x00000000e6c80000)
 ParOldGen       total 81408K, used 29313K [0x0000000081c00000, 0x0000000086b80000, 0x00000000d5f00000)
  object space 81408K, 36% used [0x0000000081c00000,0x00000000838a0638,0x0000000086b80000)
 Metaspace       used 25737K, capacity 26386K, committed 26624K, reserved 1073152K
  class space    used 2989K, capacity 3215K, committed 3328K, reserved 1048576K
}

Deoptimization events (10 events):
Event: 3.966 Thread 0x0000000002d40800 Uncommon trap: reason=class_check action=maybe_recompile pc=0x0000000003b08e60 method=java.lang.Character.toLowerCase(I)I @ 5
Event: 3.967 Thread 0x0000000002d40800 Uncommon trap: reason=class_check action=maybe_recompile pc=0x0000000003b08e60 method=java.lang.Character.toLowerCase(I)I @ 5
Event: 3.967 Thread 0x0000000002d40800 Uncommon trap: reason=class_check action=maybe_recompile pc=0x0000000003a2c2cc method=java.lang.Character.toLowerCase(I)I @ 5
Event: 3.967 Thread 0x0000000002d40800 Uncommon trap: reason=class_check action=maybe_recompile pc=0x0000000003a1db2c method=java.lang.Character.toLowerCase(I)I @ 5
Event: 4.051 Thread 0x0000000002d40800 Uncommon trap: reason=unstable_if action=reinterpret pc=0x0000000003dab9b4 method=com.sun.tools.javac.file.JavacFileManager.listContainer(Ljava/io/File;Lcom/sun/tools/javac/file/RelativePath$RelativeDirectory;Ljava/util/Set;ZLcom/sun/tools/javac/util/List
Event: 4.130 Thread 0x0000000002d40800 Uncommon trap: reason=unstable_if action=reinterpret pc=0x0000000003de20cc method=com.sun.tools.javac.code.Types$18.visitClassType(Lcom/sun/tools/javac/code/Type$ClassType;Ljava/lang/Void;)Lcom/sun/tools/javac/code/Type; @ 43
Event: 4.448 Thread 0x0000000002d40800 Uncommon trap: reason=unstable_if action=reinterpret pc=0x0000000003de6f24 method=com.sun.tools.javac.code.Types$18.visitClassType(Lcom/sun/tools/javac/code/Type$ClassType;Ljava/lang/Void;)Lcom/sun/tools/javac/code/Type; @ 43
Event: 4.646 Thread 0x0000000002d40800 Uncommon trap: reason=bimorphic action=maybe_recompile pc=0x0000000002fdf280 method=java.util.HashMap.putVal(ILjava/lang/Object;Ljava/lang/Object;ZZ)Ljava/lang/Object; @ 253
Event: 4.647 Thread 0x0000000002d40800 Uncommon trap: reason=bimorphic action=maybe_recompile pc=0x0000000002fdf280 method=java.util.HashMap.putVal(ILjava/lang/Object;Ljava/lang/Object;ZZ)Ljava/lang/Object; @ 253
Event: 4.648 Thread 0x0000000002d40800 Uncommon trap: reason=bimorphic action=maybe_recompile pc=0x0000000002fdf280 method=java.util.HashMap.putVal(ILjava/lang/Object;Ljava/lang/Object;ZZ)Ljava/lang/Object; @ 253

Internal exceptions (10 events):
Event: 3.020 Thread 0x0000000002d40800 Exception <a 'java/lang/NoSuchFieldError': method resolution failed> (0x00000000d90392b0) thrown at [C:\re\workspace\8-2-build-windows-amd64-cygwin\jdk8u151\9699\hotspot\src\share\vm\prims\methodHandles.cpp, line 1146]
Event: 3.139 Thread 0x0000000002d40800 Implicit null exception at 0x000000000362db71 to 0x000000000362df89
Event: 3.141 Thread 0x0000000002d40800 Implicit null exception at 0x000000000355f255 to 0x000000000355f451
Event: 3.416 Thread 0x0000000002d40800 Implicit null exception at 0x00000000034a9a71 to 0x00000000034aa59d
Event: 3.416 Thread 0x0000000002d40800 Implicit null exception at 0x00000000031fd81b to 0x00000000031fdc81
Event: 3.513 Thread 0x0000000002d40800 Exception <a 'java/io/FileNotFoundException'> (0x00000000dd4fb368) thrown at [C:\re\workspace\8-2-build-windows-amd64-cygwin\jdk8u151\9699\hotspot\src\share\vm\prims\jni.cpp, line 709]
Event: 4.051 Thread 0x0000000002d40800 Exception <a 'java/io/FileNotFoundException'> (0x00000000d89b21f0) thrown at [C:\re\workspace\8-2-build-windows-amd64-cygwin\jdk8u151\9699\hotspot\src\share\vm\prims\jni.cpp, line 709]
Event: 4.052 Thread 0x0000000002d40800 Exception <a 'java/io/FileNotFoundException'> (0x00000000d89b3630) thrown at [C:\re\workspace\8-2-build-windows-amd64-cygwin\jdk8u151\9699\hotspot\src\share\vm\prims\jni.cpp, line 709]
Event: 4.182 Thread 0x0000000002d40800 Exception <a 'java/io/FileNotFoundException'> (0x00000000d97cef00) thrown at [C:\re\workspace\8-2-build-windows-amd64-cygwin\jdk8u151\9699\hotspot\src\share\vm\prims\jni.cpp, line 709]
Event: 4.559 Thread 0x0000000002d40800 Exception <a 'java/io/FileNotFoundException'> (0x00000000dcb40de8) thrown at [C:\re\workspace\8-2-build-windows-amd64-cygwin\jdk8u151\9699\hotspot\src\share\vm\prims\jni.cpp, line 709]

Events (10 events):
Event: 4.558 loading class org/springframework/boot/configurationprocessor/metadata/ConfigurationMetadata done
Event: 4.646 Thread 0x0000000002d40800 Uncommon trap: trap_request=0xffffffc6 fr.pc=0x0000000002fdf280
Event: 4.646 Thread 0x0000000002d40800 DEOPT PACKING pc=0x0000000002fdf280 sp=0x0000000002c0d960
Event: 4.647 Thread 0x0000000002d40800 DEOPT UNPACKING pc=0x0000000002e8582a sp=0x0000000002c0d868 mode 2
Event: 4.647 Thread 0x0000000002d40800 Uncommon trap: trap_request=0xffffffc6 fr.pc=0x0000000002fdf280
Event: 4.647 Thread 0x0000000002d40800 DEOPT PACKING pc=0x0000000002fdf280 sp=0x0000000002c0d940
Event: 4.647 Thread 0x0000000002d40800 DEOPT UNPACKING pc=0x0000000002e8582a sp=0x0000000002c0d848 mode 2
Event: 4.648 Thread 0x0000000002d40800 Uncommon trap: trap_request=0xffffffc6 fr.pc=0x0000000002fdf280
Event: 4.648 Thread 0x0000000002d40800 DEOPT PACKING pc=0x0000000002fdf280 sp=0x0000000002c0d940
Event: 4.648 Thread 0x0000000002d40800 DEOPT UNPACKING pc=0x0000000002e8582a sp=0x0000000002c0d848 mode 2


Dynamic libraries:
0x00007ff60cf50000 - 0x00007ff60cf87000 	D:\software\jdk8\bin\java.exe
0x00007ffe3aea0000 - 0x00007ffe3b090000 	C:\WINDOWS\SYSTEM32\ntdll.dll
0x00007ffe3ac70000 - 0x00007ffe3ad22000 	C:\WINDOWS\System32\KERNEL32.DLL
0x00007ffe38c10000 - 0x00007ffe38eb3000 	C:\WINDOWS\System32\KERNELBASE.dll
0x00007ffe3ad30000 - 0x00007ffe3add3000 	C:\WINDOWS\System32\ADVAPI32.dll
0x00007ffe395a0000 - 0x00007ffe3963e000 	C:\WINDOWS\System32\msvcrt.dll
0x00007ffe39b40000 - 0x00007ffe39bd7000 	C:\WINDOWS\System32\sechost.dll
0x00007ffe38f50000 - 0x00007ffe39070000 	C:\WINDOWS\System32\RPCRT4.dll
0x00007ffe39be0000 - 0x00007ffe39d74000 	C:\WINDOWS\System32\USER32.dll
0x00007ffe37f00000 - 0x00007ffe37f21000 	C:\WINDOWS\System32\win32u.dll
0x00007ffe39290000 - 0x00007ffe392b6000 	C:\WINDOWS\System32\GDI32.dll
0x00007ffe38a70000 - 0x00007ffe38c04000 	C:\WINDOWS\System32\gdi32full.dll
0x00007ffe38000000 - 0x00007ffe3809e000 	C:\WINDOWS\System32\msvcp_win.dll
0x00007ffe381f0000 - 0x00007ffe382ea000 	C:\WINDOWS\System32\ucrtbase.dll
0x00007ffe29a20000 - 0x00007ffe29ca5000 	C:\WINDOWS\WinSxS\amd64_microsoft.windows.common-controls_6595b64144ccf1df_6.0.18362.778_none_e6c6b761130d4fb8\COMCTL32.dll
0x00007ffe39fa0000 - 0x00007ffe3a2d6000 	C:\WINDOWS\System32\combase.dll
0x00007ffe37e30000 - 0x00007ffe37eb0000 	C:\WINDOWS\System32\bcryptPrimitives.dll
0x00007ffe391b0000 - 0x00007ffe391de000 	C:\WINDOWS\System32\IMM32.DLL
0x000000006de30000 - 0x000000006df02000 	D:\software\jdk8\jre\bin\msvcr100.dll
0x000000006d590000 - 0x000000006de2d000 	D:\software\jdk8\jre\bin\server\jvm.dll
0x00007ffe3ab10000 - 0x00007ffe3ab18000 	C:\WINDOWS\System32\PSAPI.DLL
0x00007ffe28cd0000 - 0x00007ffe28cd9000 	C:\WINDOWS\SYSTEM32\WSOCK32.dll
0x00007ffe35cd0000 - 0x00007ffe35cf4000 	C:\WINDOWS\SYSTEM32\WINMM.dll
0x00007ffe39d80000 - 0x00007ffe39def000 	C:\WINDOWS\System32\WS2_32.dll
0x00007ffe32820000 - 0x00007ffe3282a000 	C:\WINDOWS\SYSTEM32\VERSION.dll
0x00007ffe35850000 - 0x00007ffe3587d000 	C:\WINDOWS\SYSTEM32\WINMMBASE.dll
0x00007ffe37eb0000 - 0x00007ffe37efa000 	C:\WINDOWS\System32\cfgmgr32.dll
0x000000006e890000 - 0x000000006e89f000 	D:\software\jdk8\jre\bin\verify.dll
0x000000006e860000 - 0x000000006e889000 	D:\software\jdk8\jre\bin\java.dll
0x000000006d520000 - 0x000000006d543000 	D:\software\jdk8\jre\bin\instrument.dll
0x000000006e840000 - 0x000000006e856000 	D:\software\jdk8\jre\bin\zip.dll
0x00007ffe3a2e0000 - 0x00007ffe3a9c5000 	C:\WINDOWS\System32\SHELL32.dll
0x00007ffe391e0000 - 0x00007ffe39289000 	C:\WINDOWS\System32\shcore.dll
0x00007ffe382f0000 - 0x00007ffe38a70000 	C:\WINDOWS\System32\windows.storage.dll
0x00007ffe37d90000 - 0x00007ffe37db3000 	C:\WINDOWS\System32\profapi.dll
0x00007ffe37de0000 - 0x00007ffe37e2a000 	C:\WINDOWS\System32\powrprof.dll
0x00007ffe37d60000 - 0x00007ffe37d70000 	C:\WINDOWS\System32\UMPDC.dll
0x00007ffe3a9d0000 - 0x00007ffe3aa22000 	C:\WINDOWS\System32\shlwapi.dll
0x00007ffe37d70000 - 0x00007ffe37d81000 	C:\WINDOWS\System32\kernel.appcore.dll
0x00007ffe37fe0000 - 0x00007ffe37ff7000 	C:\WINDOWS\System32\cryptsp.dll
0x00007ffe321b0000 - 0x00007ffe321ca000 	D:\software\JetBrains\IntelliJ IDEA 2018.3.6\bin\breakgen64.dll
0x000000006d570000 - 0x000000006d58a000 	D:\software\jdk8\jre\bin\net.dll
0x00007ffe37570000 - 0x00007ffe375d7000 	C:\WINDOWS\system32\mswsock.dll
0x00007ffe370e0000 - 0x00007ffe37113000 	C:\WINDOWS\system32\rsaenh.dll
0x00007ffe38f20000 - 0x00007ffe38f46000 	C:\WINDOWS\System32\bcrypt.dll
0x00007ffe37c80000 - 0x00007ffe37ca5000 	C:\WINDOWS\SYSTEM32\USERENV.dll
0x00007ffe37740000 - 0x00007ffe3774c000 	C:\WINDOWS\SYSTEM32\CRYPTBASE.dll
0x00007ffe37280000 - 0x00007ffe372ba000 	C:\WINDOWS\SYSTEM32\IPHLPAPI.DLL
0x00007ffe3ade0000 - 0x00007ffe3ade8000 	C:\WINDOWS\System32\NSI.dll
0x00007ffe2fd50000 - 0x00007ffe2fd66000 	C:\WINDOWS\SYSTEM32\dhcpcsvc6.DLL
0x00007ffe31320000 - 0x00007ffe3133c000 	C:\WINDOWS\SYSTEM32\dhcpcsvc.DLL
0x00007ffe372c0000 - 0x00007ffe3738a000 	C:\WINDOWS\SYSTEM32\DNSAPI.dll
0x000000006d550000 - 0x000000006d561000 	D:\software\jdk8\jre\bin\nio.dll
0x00007ffe2c660000 - 0x00007ffe2c66a000 	C:\Users\EDZ\AppData\Local\Temp\jansi-1.16-5599502395853195754.dll
0x00007ffe2c650000 - 0x00007ffe2c65a000 	C:\Users\EDZ\AppData\Local\Temp\jansi-1.16-8855348848514697766.dll

VM Arguments:
jvm_args: -Dmaven.multiModuleProjectDirectory=D:\arangodb-crud-mutitenancy -Dmaven.home=D:\software\apache-maven-3.5.2 -Dclassworlds.conf=D:\software\apache-maven-3.5.2\bin\m2.conf -javaagent:D:\software\JetBrains\IntelliJ IDEA 2018.3.6\lib\idea_rt.jar=53398:D:\software\JetBrains\IntelliJ IDEA 2018.3.6\bin -Dfile.encoding=UTF-8 
java_command: org.codehaus.classworlds.Launcher -Didea.version=2018.3.6 -s D:\software\settings.xml -Dmaven.repo.local=D:\software\macenLibHtgl install
java_class_path (initial): D:\software\apache-maven-3.5.2\boot\plexus-classworlds-2.5.2.jar;D:\software\JetBrains\IntelliJ IDEA 2018.3.6\lib\idea_rt.jar
Launcher Type: SUN_STANDARD

Environment Variables:
JAVA_HOME=D:\software\jdk8
CLASSPATH=.;D:\software\jdk8\lib;D:\software\jdk8\lib\tools.jar
PATH=D:\software\NetSarang\Xftp 6\;D:\software\NetSarang\Xshell 6\;C:\WINDOWS\system32;C:\WINDOWS;C:\WINDOWS\System32\Wbem;C:\WINDOWS\System32\WindowsPowerShell\v1.0\;C:\WINDOWS\System32\OpenSSH\;C:\Program Files\Git\cmd;D:\software\jdk8\bin;D:\software\jdk8\jre\bin;D:\software\nodejs\;C:\Users\EDZ\AppData\Local\Microsoft\WindowsApps;;D:\software\Microsoft VS Code\bin;C:\Users\EDZ\AppData\Roaming\npm
USERNAME=EDZ
OS=Windows_NT
PROCESSOR_IDENTIFIER=Intel64 Family 6 Model 158 Stepping 9, GenuineIntel



---------------  S Y S T E M  ---------------

OS: Windows 10.0 , 64 bit Build 18362 (10.0.18362.778)

CPU:total 4 (initial active 4) (4 cores per cpu, 1 threads per core) family 6 model 158 stepping 9, cmov, cx8, fxsr, mmx, sse, sse2, sse3, ssse3, sse4.1, sse4.2, popcnt, avx, avx2, aes, clmul, erms, rtm, 3dnowpref, lzcnt, tsc, tscinvbit, bmi1, bmi2, adx

Memory: 4k page, physical 8269800k(849024k free), swap 21302384k(5664k free)

vm_info: Java HotSpot(TM) 64-Bit Server VM (25.151-b12) for windows-amd64 JRE (1.8.0_151-b12), built on Sep  5 2017 19:33:46 by "java_re" with MS VC++ 10.0 (VS2010)

time: Wed May 13 16:57:43 2020
elapsed time: 4 seconds (0d 0h 0m 4s)

